
PackageNotFoundError: Packages missing in current channels:
            
  - appnope ==0.1.0

We have searched for the packages in the following channels:
            
  - https://repo.continuum.io/pkgs/main/linux-64
  - https://repo.continuum.io/pkgs/main/noarch
  - https://repo.continuum.io/pkgs/free/linux-64
  - https://repo.continuum.io/pkgs/free/noarch
  - https://repo.continuum.io/pkgs/r/linux-64
  - https://repo.continuum.io/pkgs/r/noarch
  - https://repo.continuum.io/pkgs/pro/linux-64
  - https://repo.continuum.io/pkgs/pro/noarch
            

openssl 1.0.2n:            |   0% openssl 1.0.2n:            |   1% openssl 1.0.2n: 4          |   4% openssl 1.0.2n: 9          |   9% openssl 1.0.2n: #5         |  16% openssl 1.0.2n: ##2        |  23% openssl 1.0.2n: ###        |  31% openssl 1.0.2n: ###9       |  40% openssl 1.0.2n: #####      |  50% openssl 1.0.2n: ######1    |  61% openssl 1.0.2n: #######4   |  75% openssl 1.0.2n: ########4  |  84% openssl 1.0.2n: #########4 |  95% openssl 1.0.2n: ########## | 100% 
ca-certificates 2017.08.26:            |   0% ca-certificates 2017.08.26: #######5   |  75% ca-certificates 2017.08.26: ########## | 100% 
html5lib 0.999999999:            |   0% html5lib 0.999999999: #3         |  13% html5lib 0.999999999: #######5   |  75% html5lib 0.999999999: ########## | 100% 

PackagesNotFoundError: The following packages are not available from current channels:

  - ipython-genutils==0.2.0

Current channels:

  - https://repo.continuum.io/pkgs/main/linux-64
  - https://repo.continuum.io/pkgs/main/noarch
  - https://repo.continuum.io/pkgs/free/linux-64
  - https://repo.continuum.io/pkgs/free/noarch
  - https://repo.continuum.io/pkgs/r/linux-64
  - https://repo.continuum.io/pkgs/r/noarch
  - https://repo.continuum.io/pkgs/pro/linux-64
  - https://repo.continuum.io/pkgs/pro/noarch


jsonschema 2.6.0:            |   0% jsonschema 2.6.0: #####7     |  58% jsonschema 2.6.0: ########## | 100% 
jupyter 1.0.0:            |   0% jupyter 1.0.0: #######5   |  75% jupyter 1.0.0: ########## | 100% 

PackagesNotFoundError: The following packages are not available from current channels:

  - jupyter-client==5.0.0

Current channels:

  - https://repo.continuum.io/pkgs/main/linux-64
  - https://repo.continuum.io/pkgs/main/noarch
  - https://repo.continuum.io/pkgs/free/linux-64
  - https://repo.continuum.io/pkgs/free/noarch
  - https://repo.continuum.io/pkgs/r/linux-64
  - https://repo.continuum.io/pkgs/r/noarch
  - https://repo.continuum.io/pkgs/pro/linux-64
  - https://repo.continuum.io/pkgs/pro/noarch



PackagesNotFoundError: The following packages are not available from current channels:

  - jupyter-console==5.1.0

Current channels:

  - https://repo.continuum.io/pkgs/main/linux-64
  - https://repo.continuum.io/pkgs/main/noarch
  - https://repo.continuum.io/pkgs/free/linux-64
  - https://repo.continuum.io/pkgs/free/noarch
  - https://repo.continuum.io/pkgs/r/linux-64
  - https://repo.continuum.io/pkgs/r/noarch
  - https://repo.continuum.io/pkgs/pro/linux-64
  - https://repo.continuum.io/pkgs/pro/noarch



PackagesNotFoundError: The following packages are not available from current channels:

  - jupyter-core==4.3.0

Current channels:

  - https://repo.continuum.io/pkgs/main/linux-64
  - https://repo.continuum.io/pkgs/main/noarch
  - https://repo.continuum.io/pkgs/free/linux-64
  - https://repo.continuum.io/pkgs/free/noarch
  - https://repo.continuum.io/pkgs/r/linux-64
  - https://repo.continuum.io/pkgs/r/noarch
  - https://repo.continuum.io/pkgs/pro/linux-64
  - https://repo.continuum.io/pkgs/pro/noarch


markupsafe 1.0:            |   0% markupsafe 1.0: #######5   |  75% markupsafe 1.0: ########## | 100% 
mistune 0.7.4:            |   0% mistune 0.7.4: ####6      |  46% mistune 0.7.4: ########## | 100% 
libgfortran-ng 7.2.0:            |   0% libgfortran-ng 7.2.0: 6          |   7% libgfortran-ng 7.2.0: ####4      |  45% libgfortran-ng 7.2.0: #######6   |  76% libgfortran-ng 7.2.0: ########## | 100% 
mkl 2018.0.1:            |   0% mkl 2018.0.1:            |   0% mkl 2018.0.1:            |   0% mkl 2018.0.1:            |   1% mkl 2018.0.1:            |   1% mkl 2018.0.1: 1          |   1% mkl 2018.0.1: 1          |   1% mkl 2018.0.1: 1          |   2% mkl 2018.0.1: 2          |   2% mkl 2018.0.1: 2          |   3% mkl 2018.0.1: 2          |   3% mkl 2018.0.1: 3          |   3% mkl 2018.0.1: 3          |   4% mkl 2018.0.1: 4          |   4% mkl 2018.0.1: 4          |   4% mkl 2018.0.1: 4          |   5% mkl 2018.0.1: 5          |   5% mkl 2018.0.1: 5          |   6% mkl 2018.0.1: 6          |   6% mkl 2018.0.1: 6          |   6% mkl 2018.0.1: 6          |   7% mkl 2018.0.1: 7          |   7% mkl 2018.0.1: 7          |   8% mkl 2018.0.1: 7          |   8% mkl 2018.0.1: 8          |   8% mkl 2018.0.1: 8          |   9% mkl 2018.0.1: 9          |   9% mkl 2018.0.1: 9          |   9% mkl 2018.0.1: 9          |  10% mkl 2018.0.1: #          |  10% mkl 2018.0.1: #          |  11% mkl 2018.0.1: #          |  11% mkl 2018.0.1: #1         |  11% mkl 2018.0.1: #1         |  12% mkl 2018.0.1: #2         |  12% mkl 2018.0.1: #2         |  12% mkl 2018.0.1: #2         |  13% mkl 2018.0.1: #3         |  13% mkl 2018.0.1: #3         |  13% mkl 2018.0.1: #3         |  14% mkl 2018.0.1: #4         |  14% mkl 2018.0.1: #4         |  15% mkl 2018.0.1: #4         |  15% mkl 2018.0.1: #5         |  15% mkl 2018.0.1: #5         |  16% mkl 2018.0.1: #6         |  16% mkl 2018.0.1: #6         |  16% mkl 2018.0.1: #6         |  17% mkl 2018.0.1: #7         |  17% mkl 2018.0.1: #7         |  18% mkl 2018.0.1: #7         |  18% mkl 2018.0.1: #8         |  18% mkl 2018.0.1: #8         |  19% mkl 2018.0.1: #9         |  19% mkl 2018.0.1: #9         |  20% mkl 2018.0.1: ##         |  20% mkl 2018.0.1: ##         |  21% mkl 2018.0.1: ##1        |  21% mkl 2018.0.1: ##1        |  21% mkl 2018.0.1: ##1        |  22% mkl 2018.0.1: ##2        |  22% mkl 2018.0.1: ##2        |  23% mkl 2018.0.1: ##2        |  23% mkl 2018.0.1: ##3        |  23% mkl 2018.0.1: ##3        |  24% mkl 2018.0.1: ##4        |  24% mkl 2018.0.1: ##4        |  24% mkl 2018.0.1: ##4        |  25% mkl 2018.0.1: ##5        |  25% mkl 2018.0.1: ##5        |  26% mkl 2018.0.1: ##5        |  26% mkl 2018.0.1: ##6        |  26% mkl 2018.0.1: ##6        |  27% mkl 2018.0.1: ##7        |  27% mkl 2018.0.1: ##7        |  27% mkl 2018.0.1: ##7        |  28% mkl 2018.0.1: ##8        |  28% mkl 2018.0.1: ##8        |  29% mkl 2018.0.1: ##8        |  29% mkl 2018.0.1: ##9        |  29% mkl 2018.0.1: ##9        |  30% mkl 2018.0.1: ###        |  30% mkl 2018.0.1: ###        |  30% mkl 2018.0.1: ###        |  31% mkl 2018.0.1: ###1       |  31% mkl 2018.0.1: ###1       |  32% mkl 2018.0.1: ###1       |  32% mkl 2018.0.1: ###2       |  32% mkl 2018.0.1: ###2       |  33% mkl 2018.0.1: ###3       |  33% mkl 2018.0.1: ###3       |  33% mkl 2018.0.1: ###3       |  34% mkl 2018.0.1: ###4       |  34% mkl 2018.0.1: ###4       |  35% mkl 2018.0.1: ###4       |  35% mkl 2018.0.1: ###5       |  35% mkl 2018.0.1: ###5       |  36% mkl 2018.0.1: ###6       |  36% mkl 2018.0.1: ###6       |  36% mkl 2018.0.1: ###6       |  37% mkl 2018.0.1: ###7       |  37% mkl 2018.0.1: ###7       |  38% mkl 2018.0.1: ###7       |  38% mkl 2018.0.1: ###8       |  38% mkl 2018.0.1: ###8       |  39% mkl 2018.0.1: ###9       |  39% mkl 2018.0.1: ###9       |  39% mkl 2018.0.1: ###9       |  40% mkl 2018.0.1: ####       |  40% mkl 2018.0.1: ####       |  41% mkl 2018.0.1: ####       |  41% mkl 2018.0.1: ####1      |  41% mkl 2018.0.1: ####1      |  42% mkl 2018.0.1: ####2      |  42% mkl 2018.0.1: ####2      |  42% mkl 2018.0.1: ####2      |  43% mkl 2018.0.1: ####3      |  43% mkl 2018.0.1: ####3      |  44% mkl 2018.0.1: ####3      |  44% mkl 2018.0.1: ####4      |  44% mkl 2018.0.1: ####4      |  45% mkl 2018.0.1: ####5      |  45% mkl 2018.0.1: ####5      |  45% mkl 2018.0.1: ####5      |  46% mkl 2018.0.1: ####6      |  46% mkl 2018.0.1: ####6      |  47% mkl 2018.0.1: ####6      |  47% mkl 2018.0.1: ####7      |  47% mkl 2018.0.1: ####7      |  48% mkl 2018.0.1: ####8      |  48% mkl 2018.0.1: ####8      |  48% mkl 2018.0.1: ####8      |  49% mkl 2018.0.1: ####9      |  49% mkl 2018.0.1: ####9      |  50% mkl 2018.0.1: ####9      |  50% mkl 2018.0.1: #####      |  50% mkl 2018.0.1: #####      |  51% mkl 2018.0.1: #####1     |  51% mkl 2018.0.1: #####1     |  51% mkl 2018.0.1: #####1     |  52% mkl 2018.0.1: #####2     |  52% mkl 2018.0.1: #####2     |  53% mkl 2018.0.1: #####2     |  53% mkl 2018.0.1: #####3     |  53% mkl 2018.0.1: #####3     |  54% mkl 2018.0.1: #####4     |  54% mkl 2018.0.1: #####4     |  54% mkl 2018.0.1: #####4     |  55% mkl 2018.0.1: #####5     |  55% mkl 2018.0.1: #####5     |  56% mkl 2018.0.1: #####5     |  56% mkl 2018.0.1: #####6     |  56% mkl 2018.0.1: #####6     |  57% mkl 2018.0.1: #####7     |  57% mkl 2018.0.1: #####7     |  57% mkl 2018.0.1: #####7     |  58% mkl 2018.0.1: #####8     |  58% mkl 2018.0.1: #####8     |  59% mkl 2018.0.1: #####8     |  59% mkl 2018.0.1: #####9     |  59% mkl 2018.0.1: #####9     |  60% mkl 2018.0.1: ######     |  60% mkl 2018.0.1: ######     |  60% mkl 2018.0.1: ######     |  61% mkl 2018.0.1: ######1    |  61% mkl 2018.0.1: ######1    |  62% mkl 2018.0.1: ######1    |  62% mkl 2018.0.1: ######2    |  62% mkl 2018.0.1: ######2    |  63% mkl 2018.0.1: ######3    |  63% mkl 2018.0.1: ######3    |  63% mkl 2018.0.1: ######3    |  64% mkl 2018.0.1: ######4    |  64% mkl 2018.0.1: ######4    |  65% mkl 2018.0.1: ######5    |  65% mkl 2018.0.1: ######5    |  66% mkl 2018.0.1: ######6    |  66% mkl 2018.0.1: ######6    |  66% mkl 2018.0.1: ######6    |  67% mkl 2018.0.1: ######7    |  67% mkl 2018.0.1: ######7    |  68% mkl 2018.0.1: ######7    |  68% mkl 2018.0.1: ######8    |  68% mkl 2018.0.1: ######8    |  69% mkl 2018.0.1: ######9    |  69% mkl 2018.0.1: ######9    |  69% mkl 2018.0.1: ######9    |  70% mkl 2018.0.1: #######    |  70% mkl 2018.0.1: #######    |  71% mkl 2018.0.1: #######    |  71% mkl 2018.0.1: #######1   |  71% mkl 2018.0.1: #######1   |  72% mkl 2018.0.1: #######2   |  72% mkl 2018.0.1: #######2   |  72% mkl 2018.0.1: #######2   |  73% mkl 2018.0.1: #######3   |  73% mkl 2018.0.1: #######3   |  74% mkl 2018.0.1: #######3   |  74% mkl 2018.0.1: #######4   |  74% mkl 2018.0.1: #######4   |  75% mkl 2018.0.1: #######5   |  76% mkl 2018.0.1: ########5  |  85% mkl 2018.0.1: ########6  |  86% mkl 2018.0.1: ########7  |  87% mkl 2018.0.1: ########8  |  88% mkl 2018.0.1: ########8  |  89% mkl 2018.0.1: ########9  |  89% mkl 2018.0.1: ########9  |  90% mkl 2018.0.1: #########  |  90% mkl 2018.0.1: #########  |  91% mkl 2018.0.1: #########1 |  91% mkl 2018.0.1: #########1 |  92% mkl 2018.0.1: #########2 |  92% mkl 2018.0.1: #########2 |  93% mkl 2018.0.1: #########3 |  93% mkl 2018.0.1: #########3 |  94% mkl 2018.0.1: #########4 |  94% mkl 2018.0.1: #########4 |  95% mkl 2018.0.1: #########5 |  95% mkl 2018.0.1: #########5 |  96% mkl 2018.0.1: #########6 |  96% mkl 2018.0.1: #########6 |  97% mkl 2018.0.1: #########7 |  97% mkl 2018.0.1: #########7 |  98% mkl 2018.0.1: #########8 |  98% mkl 2018.0.1: #########8 |  99% mkl 2018.0.1: #########9 |  99% mkl 2018.0.1: ########## | 100% 
scikit-learn 0.19.1:            |   0% scikit-learn 0.19.1: 5          |   6% scikit-learn 0.19.1: #8         |  19% scikit-learn 0.19.1: ###2       |  32% scikit-learn 0.19.1: ####5      |  45% scikit-learn 0.19.1: #####8     |  59% scikit-learn 0.19.1: #######1   |  72% scikit-learn 0.19.1: ########3  |  83% scikit-learn 0.19.1: #########1 |  91% scikit-learn 0.19.1: #########8 |  99% scikit-learn 0.19.1: ########## | 100% 
libstdcxx-ng 7.2.0:            |   0% libstdcxx-ng 7.2.0: #3         |  13% libstdcxx-ng 7.2.0: ####       |  41% libstdcxx-ng 7.2.0: ######8    |  68% libstdcxx-ng 7.2.0: ########4  |  84% libstdcxx-ng 7.2.0: #########7 |  97% libstdcxx-ng 7.2.0: ########## | 100% 
scipy 1.0.0:            |   0% scipy 1.0.0: 2          |   2% scipy 1.0.0: 5          |   6% scipy 1.0.0: 9          |  10% scipy 1.0.0: #3         |  14% scipy 1.0.0: #7         |  18% scipy 1.0.0: ##1        |  21% scipy 1.0.0: ##5        |  25% scipy 1.0.0: ##9        |  29% scipy 1.0.0: ###3       |  33% scipy 1.0.0: ###6       |  37% scipy 1.0.0: ####       |  41% scipy 1.0.0: ####4      |  45% scipy 1.0.0: ####8      |  49% scipy 1.0.0: #####2     |  52% scipy 1.0.0: #####6     |  56% scipy 1.0.0: ######     |  60% scipy 1.0.0: ######4    |  64% scipy 1.0.0: ######7    |  68% scipy 1.0.0: #######1   |  72% scipy 1.0.0: #######5   |  75% scipy 1.0.0: ########3  |  84% scipy 1.0.0: ########9  |  89% scipy 1.0.0: #########3 |  94% scipy 1.0.0: #########7 |  98% scipy 1.0.0: ########## | 100% 
numexpr 2.6.4:            |   0% numexpr 2.6.4: #######5   |  75% numexpr 2.6.4: ########## | 100% 
intel-openmp 2018.0.0:            |   0% intel-openmp 2018.0.0: #####      |  51% intel-openmp 2018.0.0: #######5   |  75% intel-openmp 2018.0.0: ########## | 100% 
numpy 1.12.1:            |   0% numpy 1.12.1: 9          |   9% numpy 1.12.1: ##7        |  27% numpy 1.12.1: ####5      |  46% numpy 1.12.1: ######4    |  64% numpy 1.12.1: #######7   |  77% numpy 1.12.1: #########  |  91% numpy 1.12.1: ########## | 100% 
packaging 16.8:            |   0% packaging 16.8: #######5   |  75% packaging 16.8: ########## | 100% 
pexpect 4.2.1:            |   0% pexpect 4.2.1: #6         |  17% pexpect 4.2.1: #########8 |  98% pexpect 4.2.1: ########## | 100% 
pickleshare 0.7.4:            |   0% pickleshare 0.7.4: #######5   |  75% pickleshare 0.7.4: ########## | 100% 

PackagesNotFoundError: The following packages are not available from current channels:

  - prompt-toolkit==1.0.14

Current channels:

  - https://repo.continuum.io/pkgs/main/linux-64
  - https://repo.continuum.io/pkgs/main/noarch
  - https://repo.continuum.io/pkgs/free/linux-64
  - https://repo.continuum.io/pkgs/free/noarch
  - https://repo.continuum.io/pkgs/r/linux-64
  - https://repo.continuum.io/pkgs/r/noarch
  - https://repo.continuum.io/pkgs/pro/linux-64
  - https://repo.continuum.io/pkgs/pro/noarch


protobuf 3.2.0:            |   0% protobuf 3.2.0: 2          |   3% protobuf 3.2.0: ##3        |  24% protobuf 3.2.0: ######     |  61% protobuf 3.2.0: #######5   |  75% protobuf 3.2.0: #########6 |  97% protobuf 3.2.0: ########## | 100% 
libprotobuf 3.2.0:            |   0% libprotobuf 3.2.0: 3          |   4% libprotobuf 3.2.0: #4         |  15% libprotobuf 3.2.0: ##5        |  26% libprotobuf 3.2.0: ###6       |  37% libprotobuf 3.2.0: ####7      |  48% libprotobuf 3.2.0: #####8     |  59% libprotobuf 3.2.0: ######9    |  70% libprotobuf 3.2.0: #######9   |  80% libprotobuf 3.2.0: #########7 |  97% libprotobuf 3.2.0: ########## | 100% 
pygments 2.2.0:            |   0% pygments 2.2.0:            |   1% pygments 2.2.0: #2         |  12% pygments 2.2.0: ####5      |  46% pygments 2.2.0: #######5   |  75% pygments 2.2.0: #########1 |  92% pygments 2.2.0: ########## | 100% 
pyparsing 2.2.0:            |   0% pyparsing 2.2.0: ###7       |  38% pyparsing 2.2.0: ########## | 100% 
pyzmq 16.0.2:            |   0% pyzmq 16.0.2: 2          |   3% pyzmq 16.0.2: ###7       |  37% pyzmq 16.0.2: #######5   |  75% pyzmq 16.0.2: #########9 |  99% pyzmq 16.0.2: ########## | 100% 
zeromq 4.2.2:            |   0% zeromq 4.2.2: ##3        |  24% zeromq 4.2.2: ######8    |  69% zeromq 4.2.2: ########6  |  87% zeromq 4.2.2: ########## | 100% 
simplegeneric 0.8.1:            |   0% simplegeneric 0.8.1: ########## | 100% 
six 1.10.0:            |   0% six 1.10.0: #####8     |  59% six 1.10.0: ########## | 100% 

PackagesNotFoundError: The following packages are not available from current channels:

  - tensorflow==1.0.0

Current channels:

  - https://repo.continuum.io/pkgs/main/linux-64
  - https://repo.continuum.io/pkgs/main/noarch
  - https://repo.continuum.io/pkgs/free/linux-64
  - https://repo.continuum.io/pkgs/free/noarch
  - https://repo.continuum.io/pkgs/r/linux-64
  - https://repo.continuum.io/pkgs/r/noarch
  - https://repo.continuum.io/pkgs/pro/linux-64
  - https://repo.continuum.io/pkgs/pro/noarch



CondaError: KeyboardInterrupt


CondaError: KeyboardInterrupt

Traceback (most recent call last):
  File "/home/sabau/anaconda3/lib/python3.6/site-packages/conda/exceptions.py", line 743, in __call__
    return func(*args, **kwargs)
  File "/home/sabau/anaconda3/lib/python3.6/site-packages/conda/cli/main.py", line 73, in _main
    from ..base.context import context
  File "/home/sabau/anaconda3/lib/python3.6/site-packages/conda/base/context.py", line 22, in <module>
    from ..common.configuration import (Configuration, LoadError, MapParameter, PrimitiveParameter,
  File "/home/sabau/anaconda3/lib/python3.6/site-packages/conda/common/configuration.py", line 34, in <module>
    from .serialize import yaml_load
  File "/home/sabau/anaconda3/lib/python3.6/site-packages/conda/common/serialize.py", line 28, in <module>
    yaml = get_yaml()
  File "/home/sabau/anaconda3/lib/python3.6/site-packages/conda/_vendor/auxlib/decorators.py", line 56, in _memoized_func
    result = func(*args, **kwargs)
  File "/home/sabau/anaconda3/lib/python3.6/site-packages/conda/common/serialize.py", line 17, in get_yaml
    import ruamel_yaml as yaml
  File "/home/sabau/anaconda3/lib/python3.6/site-packages/ruamel_yaml/__init__.py", line 10, in <module>
    from .main import *
  File "<frozen importlib._bootstrap>", line 961, in _find_and_load
  File "<frozen importlib._bootstrap>", line 946, in _find_and_load_unlocked
  File "<frozen importlib._bootstrap>", line 885, in _find_spec
  File "<frozen importlib._bootstrap_external>", line 1157, in find_spec
  File "<frozen importlib._bootstrap_external>", line 1129, in _get_spec
  File "<frozen importlib._bootstrap_external>", line 1241, in find_spec
  File "<frozen importlib._bootstrap_external>", line 82, in _path_stat
KeyboardInterrupt

During handling of the above exception, another exception occurred:

Traceback (most recent call last):
  File "/home/sabau/anaconda3/bin/conda", line 11, in <module>
    sys.exit(main())
  File "/home/sabau/anaconda3/lib/python3.6/site-packages/conda/cli/main.py", line 126, in main
    return conda_exception_handler(_main, *args)
  File "/home/sabau/anaconda3/lib/python3.6/site-packages/conda/exceptions.py", line 975, in conda_exception_handler
    return_value = exception_handler(func, *args, **kwargs)
  File "/home/sabau/anaconda3/lib/python3.6/site-packages/conda/exceptions.py", line 746, in __call__
    return self.handle_exception(exc_val, exc_tb)
  File "/home/sabau/anaconda3/lib/python3.6/site-packages/conda/exceptions.py", line 777, in handle_exception
    self._print_conda_exception(CondaError("KeyboardInterrupt"), _format_exc())
  File "/home/sabau/anaconda3/lib/python3.6/site-packages/conda/exceptions.py", line 790, in _print_conda_exception
    print_conda_exception(exc_val, exc_tb)
  File "/home/sabau/anaconda3/lib/python3.6/site-packages/conda/exceptions.py", line 713, in print_conda_exception
    from .base.context import context
  File "/home/sabau/anaconda3/lib/python3.6/site-packages/conda/base/context.py", line 22, in <module>
    from ..common.configuration import (Configuration, LoadError, MapParameter, PrimitiveParameter,
  File "/home/sabau/anaconda3/lib/python3.6/site-packages/conda/common/configuration.py", line 34, in <module>
    from .serialize import yaml_load
  File "/home/sabau/anaconda3/lib/python3.6/site-packages/conda/common/serialize.py", line 43, in <module>
    yaml.representer.RoundTripRepresenter.add_representer(odict, represent_ordereddict)
AttributeError: module 'ruamel_yaml' has no attribute 'representer'

CondaError: KeyboardInterrupt

Traceback (most recent call last):
  File "/home/sabau/anaconda3/bin/conda", line 11, in <module>
    sys.exit(main())
  File "/home/sabau/anaconda3/lib/python3.6/site-packages/conda/cli/main.py", line 125, in main
    from ..exceptions import conda_exception_handler
  File "/home/sabau/anaconda3/lib/python3.6/site-packages/conda/exceptions.py", line 17, in <module>
    from .common.io import timeout
  File "/home/sabau/anaconda3/lib/python3.6/site-packages/conda/common/io.py", line 5, in <module>
    from concurrent.futures import ThreadPoolExecutor
  File "/home/sabau/anaconda3/lib/python3.6/concurrent/futures/__init__.py", line 17, in <module>
    from concurrent.futures.process import ProcessPoolExecutor
  File "/home/sabau/anaconda3/lib/python3.6/concurrent/futures/process.py", line 55, in <module>
    from multiprocessing.connection import wait
  File "/home/sabau/anaconda3/lib/python3.6/multiprocessing/connection.py", line 23, in <module>
    from . import util
  File "/home/sabau/anaconda3/lib/python3.6/multiprocessing/util.py", line 17, in <module>
    from subprocess import _args_from_interpreter_flags
  File "<frozen importlib._bootstrap>", line 961, in _find_and_load
  File "<frozen importlib._bootstrap>", line 950, in _find_and_load_unlocked
  File "<frozen importlib._bootstrap>", line 655, in _load_unlocked
  File "<frozen importlib._bootstrap_external>", line 674, in exec_module
  File "<frozen importlib._bootstrap_external>", line 779, in get_code
  File "<frozen importlib._bootstrap_external>", line 487, in _compile_bytecode
KeyboardInterrupt
Traceback (most recent call last):
  File "/home/sabau/anaconda3/bin/conda", line 11, in <module>
    sys.exit(main())
  File "/home/sabau/anaconda3/lib/python3.6/site-packages/conda/cli/main.py", line 125, in main
    from ..exceptions import conda_exception_handler
  File "/home/sabau/anaconda3/lib/python3.6/site-packages/conda/exceptions.py", line 17, in <module>
    from .common.io import timeout
  File "/home/sabau/anaconda3/lib/python3.6/site-packages/conda/common/io.py", line 24, in <module>
    from .path import expand
  File "/home/sabau/anaconda3/lib/python3.6/site-packages/conda/common/path.py", line 25, in <module>
    from cytoolz.itertoolz import accumulate, concat, take
  File "/home/sabau/anaconda3/lib/python3.6/site-packages/cytoolz/__init__.py", line 1, in <module>
    from .itertoolz import *
  File "cytoolz/itertoolz.pyx", line 19, in init cytoolz.itertoolz (cytoolz/itertoolz.c:29827)
  File "cytoolz/utils.pyx", line 10, in init cytoolz.utils (cytoolz/utils.c:1765)
  File "/home/sabau/anaconda3/lib/python3.6/site-packages/toolz/__init__.py", line 3, in <module>
    from .functoolz import *
  File "/home/sabau/anaconda3/lib/python3.6/site-packages/toolz/functoolz.py", line 126, in <module>
    class InstanceProperty(property):
KeyboardInterrupt

CondaError: KeyboardInterrupt

